<?xml version="1.0" encoding="UTF-8"?>
<testng-results ignored="0" total="1" passed="1" failed="0" skipped="0">
  <reporter-output>
  </reporter-output>
  <suite started-at="2023-01-11T09:50:21 IST" name="Suite" finished-at="2023-01-11T09:50:58 IST" duration-ms="36730">
    <groups>
    </groups>
    <test started-at="2023-01-11T09:50:21 IST" name="ChromeTest" finished-at="2023-01-11T09:50:58 IST" duration-ms="36730">
      <class name="com.ZP.testcases.HomePageTest">
        <test-method is-config="true" signature="loadConfig()[pri:0, instance:com.ZP.testcases.HomePageTest@c8c12ac]" started-at="2023-01-11T09:50:22 IST" name="loadConfig" finished-at="2023-01-11T09:50:22 IST" duration-ms="52" status="PASS">
          <reporter-output>
          </reporter-output>
        </test-method> <!-- loadConfig -->
        <test-method is-config="true" signature="setup()[pri:0, instance:com.ZP.testcases.HomePageTest@c8c12ac]" started-at="2023-01-11T09:50:24 IST" name="setup" finished-at="2023-01-11T09:50:38 IST" duration-ms="14670" status="PASS">
          <reporter-output>
          </reporter-output>
        </test-method> <!-- setup -->
        <test-method signature="bikeDetails(java.lang.String)[pri:0, instance:com.ZP.testcases.HomePageTest@c8c12ac]" started-at="2023-01-11T09:50:38 IST" name="bikeDetails" data-provider="getTestData" finished-at="2023-01-11T09:50:57 IST" duration-ms="18560" status="PASS">
          <params>
            <param index="0">
              <value>
                <![CDATA[Honda Bikes]]>
              </value>
            </param>
          </params>
          <reporter-output>
          </reporter-output>
        </test-method> <!-- bikeDetails -->
        <test-method is-config="true" signature="teardown()[pri:0, instance:com.ZP.testcases.HomePageTest@c8c12ac]" started-at="2023-01-11T09:50:57 IST" name="teardown" finished-at="2023-01-11T09:50:58 IST" duration-ms="873" status="PASS">
          <reporter-output>
          </reporter-output>
        </test-method> <!-- teardown -->
      </class> <!-- com.ZP.testcases.HomePageTest -->
    </test> <!-- ChromeTest -->
  </suite> <!-- Suite -->
</testng-results>
